2019-02-27 10:50:28,864-BrowserEngine-INFO-读取浏览器成功
2019-02-27 10:50:28,864-BrowserEngine-INFO-找到URL：http://127.0.0.1/forum.php
2019-02-27 10:50:32,695-BrowserEngine-INFO-谷歌浏览器
2019-02-27 10:50:34,591-BrowserEngine-INFO-打开浏览器http://127.0.0.1/forum.php
2019-02-27 10:50:35,885-BasePage-INFO-输入内容
2019-02-27 10:50:35,987-BasePage-INFO-输入内容
2019-02-27 10:50:43,708-BasePage-INFO-输入内容
2019-02-27 10:50:43,710-BasePage-INFO-未找到页面元素
2019-02-28 10:50:13,496-BrowserEngine-INFO-读取浏览器成功
2019-02-28 10:50:13,496-BrowserEngine-INFO-找到URL：http://127.0.0.1/forum.php
2019-02-28 10:50:15,709-BrowserEngine-INFO-谷歌浏览器
2019-02-28 10:50:17,290-BrowserEngine-INFO-打开浏览器http://127.0.0.1/forum.php
2019-02-28 10:50:18,581-BasePage-INFO-输入内容
2019-02-28 10:50:18,667-BasePage-INFO-输入内容
2019-02-28 10:50:26,495-BasePage-INFO-输入内容
2019-02-28 10:50:26,613-BasePage-INFO-输入内容
2019-02-28 10:50:26,721-BasePage-INFO-输入内容
2019-02-28 10:50:28,573-BasePage-INFO-获取内容成功
2019-02-28 10:50:28,629-BasePage-INFO-获取内容成功
2019-02-28 10:50:39,194-BasePage-INFO-未找到页面元素
2019-02-28 10:50:39,194-BasePage-INFO-获取内容成功
